# gr.py output, gr.py by Lukasz Cwiklik, cwiklik<at>gmail.com
# radial distribution function for atoms: Ni and Ni
# periodic boundary conditions used (box size: 20.974 x 21.092607 x 20.91109)
# number of analyzed time frames: 1
#r                  g(r)_id_gas_norm    g(r)_unnonorm       g(r)_unnorm_cumsum  
0.01000             0.00000             0.00000             0.00000             
0.03000             0.00000             0.00000             0.00000             
0.05000             0.00000             0.00000             0.00000             
0.07000             0.00000             0.00000             0.00000             
0.09000             0.00000             0.00000             0.00000             
0.11000             0.00000             0.00000             0.00000             
0.13000             0.00000             0.00000             0.00000             
0.15000             0.00000             0.00000             0.00000             
0.17000             0.00000             0.00000             0.00000             
0.19000             0.00000             0.00000             0.00000             
0.21000             0.00000             0.00000             0.00000             
0.23000             0.00000             0.00000             0.00000             
0.25000             0.00000             0.00000             0.00000             
0.27000             0.00000             0.00000             0.00000             
0.29000             0.00000             0.00000             0.00000             
0.31000             0.00000             0.00000             0.00000             
0.33000             0.00000             0.00000             0.00000             
0.35000             0.00000             0.00000             0.00000             
0.37000             0.00000             0.00000             0.00000             
0.39000             0.00000             0.00000             0.00000             
0.41000             0.00000             0.00000             0.00000             
0.43000             0.00000             0.00000             0.00000             
0.45000             0.00000             0.00000             0.00000             
0.47000             0.00000             0.00000             0.00000             
0.49000             0.00000             0.00000             0.00000             
0.51000             0.00000             0.00000             0.00000             
0.53000             0.00000             0.00000             0.00000             
0.55000             0.00000             0.00000             0.00000             
0.57000             0.00000             0.00000             0.00000             
0.59000             0.00000             0.00000             0.00000             
0.61000             0.00000             0.00000             0.00000             
0.63000             0.00000             0.00000             0.00000             
0.65000             0.00000             0.00000             0.00000             
0.67000             0.00000             0.00000             0.00000             
0.69000             0.00000             0.00000             0.00000             
0.71000             0.00000             0.00000             0.00000             
0.73000             0.00000             0.00000             0.00000             
0.75000             0.00000             0.00000             0.00000             
0.77000             0.00000             0.00000             0.00000             
0.79000             0.00000             0.00000             0.00000             
0.81000             0.00000             0.00000             0.00000             
0.83000             0.00000             0.00000             0.00000             
0.85000             0.00000             0.00000             0.00000             
0.87000             0.00000             0.00000             0.00000             
0.89000             0.00000             0.00000             0.00000             
0.91000             0.00000             0.00000             0.00000             
0.93000             0.00000             0.00000             0.00000             
0.95000             0.00000             0.00000             0.00000             
0.97000             0.00000             0.00000             0.00000             
0.99000             0.00000             0.00000             0.00000             
1.01000             0.00000             0.00000             0.00000             
1.03000             0.00000             0.00000             0.00000             
1.05000             0.00000             0.00000             0.00000             
1.07000             0.00000             0.00000             0.00000             
1.09000             0.00000             0.00000             0.00000             
1.11000             0.00000             0.00000             0.00000             
1.13000             0.00000             0.00000             0.00000             
1.15000             0.00000             0.00000             0.00000             
1.17000             0.00000             0.00000             0.00000             
1.19000             0.00000             0.00000             0.00000             
1.21000             0.00000             0.00000             0.00000             
1.23000             0.00000             0.00000             0.00000             
1.25000             0.00000             0.00000             0.00000             
1.27000             0.00000             0.00000             0.00000             
1.29000             0.00000             0.00000             0.00000             
1.31000             0.00000             0.00000             0.00000             
1.33000             0.00000             0.00000             0.00000             
1.35000             0.00000             0.00000             0.00000             
1.37000             0.00000             0.00000             0.00000             
1.39000             0.00000             0.00000             0.00000             
1.41000             0.00000             0.00000             0.00000             
1.43000             0.00000             0.00000             0.00000             
1.45000             0.00000             0.00000             0.00000             
1.47000             0.00000             0.00000             0.00000             
1.49000             0.00000             0.00000             0.00000             
1.51000             0.00000             0.00000             0.00000             
1.53000             0.00000             0.00000             0.00000             
1.55000             0.00000             0.00000             0.00000             
1.57000             0.00000             0.00000             0.00000             
1.59000             0.00000             0.00000             0.00000             
1.61000             0.00000             0.00000             0.00000             
1.63000             0.00000             0.00000             0.00000             
1.65000             0.00000             0.00000             0.00000             
1.67000             0.00000             0.00000             0.00000             
1.69000             0.00000             0.00000             0.00000             
1.71000             0.00000             0.00000             0.00000             
1.73000             0.00000             0.00000             0.00000             
1.75000             0.00000             0.00000             0.00000             
1.77000             0.00000             0.00000             0.00000             
1.79000             0.00000             0.00000             0.00000             
1.81000             0.00000             0.00000             0.00000             
1.83000             0.00000             0.00000             0.00000             
1.85000             0.00000             0.00000             0.00000             
1.87000             0.00000             0.00000             0.00000             
1.89000             0.00000             0.00000             0.00000             
1.91000             0.00000             0.00000             0.00000             
1.93000             0.00000             0.00000             0.00000             
1.95000             0.00000             0.00000             0.00000             
1.97000             0.00000             0.00000             0.00000             
1.99000             0.00000             0.00000             0.00000             
2.01000             0.00000             0.00000             0.00000             
2.03000             0.00000             0.00000             0.00000             
2.05000             0.00000             0.00000             0.00000             
2.07000             0.00000             0.00000             0.00000             
2.09000             0.00000             0.00000             0.00000             
2.11000             0.00000             0.00000             0.00000             
2.13000             0.00000             0.00000             0.00000             
2.15000             0.00000             0.00000             0.00000             
2.17000             0.00000             0.00000             0.00000             
2.19000             0.00000             0.00000             0.00000             
2.21000             0.00000             0.00000             0.00000             
2.23000             0.00000             0.00000             0.00000             
2.25000             0.00000             0.00000             0.00000             
2.27000             0.00002             0.00000             0.00232             
2.29000             0.00017             0.00002             0.02086             
2.31000             0.00064             0.00008             0.09038             
2.33000             0.00103             0.00013             0.20394             
2.35000             0.00223             0.00029             0.45423             
2.37000             0.00413             0.00054             0.92468             
2.39000             0.00526             0.00071             1.53418             
2.41000             0.00799             0.00109             2.47509             
2.43000             0.00999             0.00138             3.67092             
2.45000             0.01154             0.00163             5.07532             
2.47000             0.01159             0.00166             6.50985             
2.49000             0.01036             0.00151             7.81228             
2.51000             0.00894             0.00132             8.95481             
2.53000             0.00723             0.00109             9.89340             
2.55000             0.00548             0.00084             10.61645            
2.57000             0.00348             0.00054             11.08227            
2.59000             0.00283             0.00045             11.46698            
2.61000             0.00163             0.00026             11.69177            
2.63000             0.00109             0.00018             11.84473            
2.65000             0.00067             0.00011             11.93975            
2.67000             0.00032             0.00005             11.98610            
2.69000             0.00009             0.00002             12.00000            
2.71000             0.00003             0.00001             12.00463            
2.73000             0.00003             0.00001             12.00927            
2.75000             0.00002             0.00000             12.01159            
2.77000             0.00001             0.00000             12.01390            
2.79000             0.00000             0.00000             12.01390            
2.81000             0.00000             0.00000             12.01390            
2.83000             0.00000             0.00000             12.01390            
2.85000             0.00000             0.00000             12.01390            
2.87000             0.00000             0.00000             12.01390            
2.89000             0.00000             0.00000             12.01390            
2.91000             0.00000             0.00000             12.01390            
2.93000             0.00000             0.00000             12.01390            
2.95000             0.00000             0.00000             12.01390            
2.97000             0.00000             0.00000             12.01390            
2.99000             0.00000             0.00000             12.01390            
3.01000             0.00000             0.00000             12.01390            
3.03000             0.00000             0.00000             12.01390            
3.05000             0.00000             0.00000             12.01390            
3.07000             0.00000             0.00000             12.01390            
3.09000             0.00000             0.00000             12.01390            
3.11000             0.00000             0.00000             12.01390            
3.13000             0.00000             0.00000             12.01390            
3.15000             0.00000             0.00000             12.01390            
3.17000             0.00000             0.00000             12.01390            
3.19000             0.00001             0.00000             12.01622            
3.21000             0.00003             0.00001             12.02317            
3.23000             0.00003             0.00001             12.03013            
3.25000             0.00003             0.00001             12.03708            
3.27000             0.00007             0.00002             12.05330            
3.29000             0.00012             0.00003             12.07879            
3.31000             0.00021             0.00005             12.12514            
3.33000             0.00032             0.00008             12.19699            
3.35000             0.00060             0.00016             12.33372            
3.37000             0.00072             0.00019             12.50058            
3.39000             0.00101             0.00027             12.73696            
3.41000             0.00123             0.00034             13.02665            
3.43000             0.00175             0.00048             13.44380            
3.45000             0.00209             0.00058             13.94902            
3.47000             0.00219             0.00062             14.48436            
3.49000             0.00206             0.00059             14.99421            
3.51000             0.00207             0.00060             15.51101            
3.53000             0.00203             0.00059             16.02317            
3.55000             0.00201             0.00060             16.53766            
3.57000             0.00156             0.00047             16.94090            
3.59000             0.00123             0.00037             17.26304            
3.61000             0.00112             0.00034             17.55968            
3.63000             0.00063             0.00020             17.72885            
3.65000             0.00049             0.00015             17.86095            
3.67000             0.00023             0.00007             17.92352            
3.69000             0.00013             0.00004             17.96060            
3.71000             0.00011             0.00003             17.99073            
3.73000             0.00005             0.00002             18.00463            
3.75000             0.00002             0.00001             18.01159            
3.77000             0.00002             0.00001             18.01622            
3.79000             0.00001             0.00000             18.01854            
3.81000             0.00000             0.00000             18.01854            
3.83000             0.00001             0.00000             18.02086            
3.85000             0.00000             0.00000             18.02086            
3.87000             0.00000             0.00000             18.02086            
3.89000             0.00000             0.00000             18.02086            
3.91000             0.00000             0.00000             18.02086            
3.93000             0.00000             0.00000             18.02086            
3.95000             0.00001             0.00000             18.02317            
3.97000             0.00000             0.00000             18.02317            
3.99000             0.00001             0.00000             18.02549            
4.01000             0.00001             0.00001             18.03013            
4.03000             0.00008             0.00003             18.05794            
4.05000             0.00008             0.00003             18.08575            
4.07000             0.00017             0.00006             18.14137            
4.09000             0.00034             0.00013             18.25724            
4.11000             0.00062             0.00024             18.46813            
4.13000             0.00095             0.00038             18.79722            
4.15000             0.00165             0.00067             19.37428            
4.17000             0.00233             0.00095             20.19699            
4.19000             0.00333             0.00137             21.38355            
4.21000             0.00410             0.00171             22.85747            
4.23000             0.00533             0.00224             24.79258            
4.25000             0.00598             0.00254             26.98494            
4.27000             0.00633             0.00271             29.32561            
4.29000             0.00626             0.00270             31.66165            
4.31000             0.00616             0.00269             33.98378            
4.33000             0.00527             0.00232             35.98841            
4.35000             0.00435             0.00193             37.65701            
4.37000             0.00375             0.00168             39.10776            
4.39000             0.00252             0.00114             40.09270            
4.41000             0.00183             0.00083             40.81344            
4.43000             0.00133             0.00061             41.34415            
4.45000             0.00075             0.00035             41.64542            
4.47000             0.00046             0.00021             41.83082            
4.49000             0.00024             0.00012             41.93048            
4.51000             0.00012             0.00006             41.97914            
4.53000             0.00008             0.00004             42.01390            
4.55000             0.00005             0.00002             42.03476            
4.57000             0.00003             0.00001             42.04635            
4.59000             0.00000             0.00000             42.04635            
4.61000             0.00000             0.00000             42.04635            
4.63000             0.00001             0.00000             42.04867            
4.65000             0.00000             0.00000             42.04867            
4.67000             0.00001             0.00000             42.05098            
4.69000             0.00000             0.00000             42.05098            
4.71000             0.00003             0.00002             42.06489            
4.73000             0.00008             0.00004             42.09965            
4.75000             0.00008             0.00004             42.13441            
4.77000             0.00024             0.00013             42.24565            
4.79000             0.00031             0.00017             42.39166            
4.81000             0.00048             0.00026             42.61877            
4.83000             0.00078             0.00043             42.98725            
4.85000             0.00127             0.00070             43.59212            
4.87000             0.00170             0.00094             44.40788            
4.89000             0.00184             0.00104             45.30243            
4.91000             0.00225             0.00127             46.40324            
4.93000             0.00246             0.00141             47.61761            
4.95000             0.00229             0.00132             48.75550            
4.97000             0.00228             0.00132             49.89571            
4.99000             0.00199             0.00116             50.90151            
5.01000             0.00168             0.00099             51.75435            
5.03000             0.00136             0.00081             52.45423            
5.05000             0.00104             0.00062             52.99189            
5.07000             0.00082             0.00050             53.42063            
5.09000             0.00052             0.00032             53.69641            
5.11000             0.00033             0.00020             53.87022            
5.13000             0.00017             0.00010             53.95829            
5.15000             0.00011             0.00007             54.01622            
5.17000             0.00004             0.00003             54.03940            
5.19000             0.00001             0.00001             54.04403            
5.21000             0.00000             0.00000             54.04635            
5.23000             0.00004             0.00003             54.06952            
5.25000             0.00002             0.00001             54.08111            
5.27000             0.00007             0.00005             54.12283            
5.29000             0.00008             0.00005             54.16918            
5.31000             0.00015             0.00010             54.25261            
5.33000             0.00027             0.00018             54.40556            
5.35000             0.00041             0.00028             54.64426            
5.37000             0.00075             0.00051             55.08459            
5.39000             0.00095             0.00065             55.64311            
5.41000             0.00137             0.00094             56.45886            
5.43000             0.00164             0.00114             57.44148            
5.45000             0.00240             0.00167             58.88760            
5.47000             0.00296             0.00208             60.68134            
5.49000             0.00301             0.00213             62.52375            
5.51000             0.00334             0.00238             64.58169            
5.53000             0.00331             0.00237             66.63268            
5.55000             0.00352             0.00254             68.82966            
5.57000             0.00342             0.00249             70.98262            
5.59000             0.00279             0.00205             72.75087            
5.61000             0.00231             0.00171             74.22480            
5.63000             0.00176             0.00131             75.35805            
5.65000             0.00141             0.00106             76.27346            
5.67000             0.00106             0.00080             76.96640            
5.69000             0.00070             0.00053             77.42526            
5.71000             0.00043             0.00033             77.70800            
5.73000             0.00026             0.00020             77.88413            
5.75000             0.00012             0.00009             77.96292            
5.77000             0.00010             0.00008             78.02781            
5.79000             0.00007             0.00005             78.07416            
5.81000             0.00003             0.00002             78.09270            
5.83000             0.00004             0.00003             78.11819            
5.85000             0.00004             0.00003             78.14368            
5.87000             0.00007             0.00006             78.19467            
5.89000             0.00013             0.00011             78.28737            
5.91000             0.00020             0.00016             78.42874            
5.93000             0.00033             0.00027             78.66512            
5.95000             0.00036             0.00030             78.92700            
5.97000             0.00057             0.00048             79.33951            
5.99000             0.00078             0.00066             79.90730            
6.01000             0.00092             0.00078             80.58169            
6.03000             0.00101             0.00086             81.32561            
6.05000             0.00108             0.00093             82.12514            
6.07000             0.00096             0.00083             82.84589            
6.09000             0.00095             0.00082             83.55736            
6.11000             0.00085             0.00075             84.20162            
6.13000             0.00071             0.00063             84.74623            
6.15000             0.00055             0.00049             85.16570            
6.17000             0.00041             0.00036             85.47856            
6.19000             0.00031             0.00028             85.72190            
6.21000             0.00017             0.00016             85.85863            
6.23000             0.00014             0.00013             85.96756            
6.25000             0.00007             0.00007             86.02549            
6.27000             0.00007             0.00007             86.08343            
6.29000             0.00007             0.00007             86.14137            
6.31000             0.00009             0.00009             86.21784            
6.33000             0.00020             0.00019             86.38239            
6.35000             0.00038             0.00036             86.69061            
6.37000             0.00067             0.00064             87.24218            
6.39000             0.00101             0.00097             88.08111            
6.41000             0.00147             0.00142             89.30939            
6.43000             0.00217             0.00211             91.12862            
6.45000             0.00279             0.00272             93.48088            
6.47000             0.00348             0.00342             96.43337            
6.49000             0.00415             0.00411             99.98146            
6.51000             0.00496             0.00494             104.24797           
6.53000             0.00513             0.00513             108.68366           
6.55000             0.00533             0.00537             113.32329           
6.57000             0.00490             0.00497             117.61530           
6.59000             0.00448             0.00457             121.56431           
6.61000             0.00372             0.00381             124.85747           
6.63000             0.00320             0.00330             127.71263           
6.65000             0.00226             0.00235             129.74044           
6.67000             0.00177             0.00185             131.34183           
6.69000             0.00112             0.00118             132.36153           
6.71000             0.00081             0.00086             133.10313           
6.73000             0.00050             0.00053             133.55968           
6.75000             0.00032             0.00034             133.85632           
6.77000             0.00021             0.00023             134.05098           
6.79000             0.00013             0.00014             134.17381           
6.81000             0.00013             0.00014             134.29200           
6.83000             0.00014             0.00015             134.42410           
6.85000             0.00013             0.00015             134.55156           
6.87000             0.00018             0.00020             134.72074           
6.89000             0.00028             0.00031             134.98957           
6.91000             0.00035             0.00040             135.33256           
6.93000             0.00042             0.00047             135.74276           
6.95000             0.00045             0.00051             136.18076           
6.97000             0.00044             0.00050             136.61414           
6.99000             0.00053             0.00060             137.13557           
7.01000             0.00053             0.00061             137.66396           
7.03000             0.00054             0.00063             138.20626           
7.05000             0.00043             0.00050             138.63499           
7.07000             0.00037             0.00043             139.00579           
7.09000             0.00036             0.00042             139.37196           
7.11000             0.00027             0.00032             139.65238           
7.13000             0.00018             0.00021             139.83546           
7.15000             0.00014             0.00017             139.98378           
7.17000             0.00014             0.00016             140.12514           
7.19000             0.00016             0.00019             140.29200           
7.21000             0.00019             0.00024             140.49594           
7.23000             0.00030             0.00036             140.81112           
7.25000             0.00049             0.00060             141.33024           
7.27000             0.00070             0.00086             142.07648           
7.29000             0.00099             0.00123             143.14253           
7.31000             0.00132             0.00165             144.57242           
7.33000             0.00171             0.00216             146.43569           
7.35000             0.00213             0.00270             148.76941           
7.37000             0.00241             0.00307             151.42526           
7.39000             0.00277             0.00355             154.48899           
7.41000             0.00299             0.00386             157.82387           
7.43000             0.00285             0.00369             161.01043           
7.45000             0.00268             0.00349             164.02781           
7.47000             0.00245             0.00321             166.80417           
7.49000             0.00214             0.00281             169.23523           
7.51000             0.00182             0.00240             171.31170           
7.53000             0.00135             0.00179             172.85979           
7.55000             0.00099             0.00132             174.00000           
7.57000             0.00080             0.00107             174.92700           
7.59000             0.00052             0.00070             175.53187           
7.61000             0.00039             0.00053             175.99305           
7.63000             0.00037             0.00051             176.43337           
7.65000             0.00037             0.00051             176.87833           
7.67000             0.00048             0.00066             177.45075           
7.69000             0.00063             0.00087             178.20162           
7.71000             0.00075             0.00105             179.10776           
7.73000             0.00097             0.00137             180.28737           
7.75000             0.00123             0.00173             181.78447           
7.77000             0.00143             0.00202             183.52955           
7.79000             0.00162             0.00231             185.52260           
7.81000             0.00172             0.00247             187.65469           
7.83000             0.00175             0.00251             189.82619           
7.85000             0.00170             0.00245             191.94670           
7.87000             0.00158             0.00229             193.92584           
7.89000             0.00130             0.00190             195.57126           
7.91000             0.00102             0.00149             196.86211           
7.93000             0.00081             0.00120             197.89571           
7.95000             0.00065             0.00096             198.72538           
7.97000             0.00047             0.00070             199.33024           
7.99000             0.00038             0.00057             199.81924           
8.01000             0.00034             0.00051             200.26188           
8.03000             0.00030             0.00046             200.65817           
8.05000             0.00035             0.00053             201.11240           
8.07000             0.00053             0.00081             201.80997           
8.09000             0.00067             0.00102             202.69293           
8.11000             0.00085             0.00131             203.82387           
8.13000             0.00118             0.00182             205.39977           
8.15000             0.00138             0.00216             207.26535           
8.17000             0.00153             0.00240             209.33720           
8.19000             0.00172             0.00271             211.68019           
8.21000             0.00164             0.00259             213.92121           
8.23000             0.00159             0.00252             216.09965           
8.25000             0.00141             0.00225             218.04171           
8.27000             0.00119             0.00190             219.68714           
8.29000             0.00099             0.00159             221.06373           
8.31000             0.00074             0.00120             222.09733           
8.33000             0.00057             0.00094             222.90614           
8.35000             0.00044             0.00072             223.52955           
8.37000             0.00036             0.00058             224.03476           
8.39000             0.00037             0.00061             224.56083           
8.41000             0.00036             0.00060             225.07532           
8.43000             0.00049             0.00082             225.78447           
8.45000             0.00064             0.00106             226.70452           
8.47000             0.00079             0.00134             227.85863           
8.49000             0.00093             0.00157             229.21205           
8.51000             0.00127             0.00215             231.07068           
8.53000             0.00126             0.00215             232.92932           
8.55000             0.00144             0.00247             235.06141           
8.57000             0.00151             0.00260             237.30475           
8.59000             0.00145             0.00251             239.47625           
8.61000             0.00128             0.00223             241.40209           
8.63000             0.00115             0.00201             243.13789           
8.65000             0.00103             0.00182             244.70684           
8.67000             0.00082             0.00145             245.95597           
8.69000             0.00069             0.00123             247.01506           
8.71000             0.00067             0.00119             248.04635           
8.73000             0.00070             0.00124             249.12167           
8.75000             0.00089             0.00161             250.50985           
8.77000             0.00115             0.00207             252.29896           
8.79000             0.00143             0.00259             254.53766           
8.81000             0.00190             0.00347             257.53187           
8.83000             0.00239             0.00437             261.30939           
8.85000             0.00301             0.00553             266.08575           
8.87000             0.00341             0.00630             271.52955           
8.89000             0.00372             0.00689             277.48552           
8.91000             0.00404             0.00753             283.99305           
8.93000             0.00397             0.00743             290.41020           
8.95000             0.00385             0.00724             296.66976           
8.97000             0.00335             0.00633             302.14137           
8.99000             0.00283             0.00537             306.77868           
9.01000             0.00241             0.00460             310.75087           
9.03000             0.00181             0.00347             313.75203           
9.05000             0.00134             0.00257             315.97451           
9.07000             0.00097             0.00187             317.58749           
9.09000             0.00068             0.00133             318.73233           
9.11000             0.00040             0.00078             319.40672           
9.13000             0.00025             0.00048             319.82155           
9.15000             0.00016             0.00031             320.09270           
9.17000             0.00007             0.00014             320.21784           
9.19000             0.00004             0.00009             320.29200           
9.21000             0.00002             0.00005             320.33372           
9.23000             0.00001             0.00002             320.35458           
9.25000             0.00001             0.00002             320.36848           
9.27000             0.00001             0.00002             320.38934           
9.29000             0.00001             0.00002             320.40788           
9.31000             0.00005             0.00009             320.48899           
9.33000             0.00005             0.00011             320.58401           
9.35000             0.00012             0.00025             320.79954           
9.37000             0.00015             0.00031             321.06605           
9.39000             0.00026             0.00053             321.52491           
9.41000             0.00038             0.00079             322.20394           
9.43000             0.00062             0.00128             323.31402           
9.45000             0.00079             0.00165             324.73696           
9.47000             0.00109             0.00230             326.72538           
9.49000             0.00135             0.00286             329.19583           
9.51000             0.00172             0.00365             332.34531           
9.53000             0.00191             0.00408             335.87022           
9.55000             0.00205             0.00440             339.66860           
9.57000             0.00217             0.00467             343.70568           
9.59000             0.00230             0.00496             347.99073           
9.61000             0.00210             0.00455             351.91889           
9.63000             0.00198             0.00431             355.64311           
9.65000             0.00170             0.00372             358.85516           
9.67000             0.00141             0.00309             361.52491           
9.69000             0.00117             0.00258             363.75666           
9.71000             0.00090             0.00200             365.48088           
9.73000             0.00068             0.00151             366.78795           
9.75000             0.00058             0.00129             367.90035           
9.77000             0.00044             0.00099             368.75782           
9.79000             0.00045             0.00101             369.63384           
9.81000             0.00046             0.00105             370.53766           
9.83000             0.00046             0.00105             371.44844           
9.85000             0.00049             0.00112             372.41715           
9.87000             0.00055             0.00127             373.51101           
9.89000             0.00055             0.00126             374.60023           
9.91000             0.00056             0.00128             375.71031           
9.93000             0.00052             0.00122             376.76014           
9.95000             0.00048             0.00112             377.72885           
9.97000             0.00050             0.00116             378.73465           
9.99000             0.00043             0.00102             379.61298           
10.01000            0.00042             0.00098             380.45655           
10.03000            0.00047             0.00111             381.41367           
10.05000            0.00063             0.00149             382.70452           
10.07000            0.00082             0.00196             384.39629           
10.09000            0.00099             0.00238             386.44959           
10.11000            0.00125             0.00299             389.03129           
10.13000            0.00151             0.00363             392.16686           
10.15000            0.00175             0.00422             395.81692           
10.17000            0.00192             0.00465             399.83546           
10.19000            0.00203             0.00494             404.10429           
10.21000            0.00206             0.00503             408.45423           
10.23000            0.00193             0.00475             412.56083           
10.25000            0.00179             0.00442             416.38007           
10.27000            0.00159             0.00393             419.77520           
10.29000            0.00133             0.00331             422.63499           
10.31000            0.00107             0.00267             424.94090           
10.33000            0.00084             0.00211             426.76246           
10.35000            0.00079             0.00198             428.47277           
10.37000            0.00077             0.00195             430.15759           
10.39000            0.00080             0.00204             431.91889           
10.41000            0.00088             0.00225             433.86327           
10.43000            0.00102             0.00260             436.11356           
10.45000            0.00112             0.00286             438.58401           
10.47000            0.00110             0.00283             441.02897           
10.49000            0.00107             0.00277             443.42063           
10.51000            0.00110             0.00285             445.87949           
10.53000            0.00108             0.00282             448.31518           
10.55000            0.00093             0.00242             450.40788           
10.57000            0.00088             0.00231             452.40788           
10.59000            0.00086             0.00225             454.35458           
10.61000            0.00088             0.00233             456.36848           
10.63000            0.00095             0.00253             458.55156           
10.65000            0.00108             0.00286             461.02665           
10.67000            0.00140             0.00373             464.25029           
10.69000            0.00167             0.00449             468.12746           
10.71000            0.00199             0.00535             472.75087           
10.73000            0.00219             0.00591             477.85632           
10.75000            0.00225             0.00609             483.11935           
10.77000            0.00227             0.00617             488.44959           
10.79000            0.00218             0.00596             493.60139           
10.81000            0.00212             0.00583             498.63499           
10.83000            0.00183             0.00503             502.98262           
10.85000            0.00146             0.00403             506.46350           
10.87000            0.00123             0.00342             509.41831           
10.89000            0.00104             0.00289             511.91425           
10.91000            0.00087             0.00244             514.02086           
10.93000            0.00079             0.00220             515.92352           
10.95000            0.00072             0.00203             517.68019           
10.97000            0.00068             0.00193             519.34647           
10.99000            0.00072             0.00203             521.10313           
11.01000            0.00070             0.00198             522.81576           
11.03000            0.00055             0.00157             524.17149           
11.05000            0.00050             0.00143             525.40672           
11.07000            0.00039             0.00113             526.38702           
11.09000            0.00031             0.00089             527.15180           
11.11000            0.00022             0.00063             527.69409           
11.13000            0.00018             0.00053             528.15527           
11.15000            0.00023             0.00066             528.72538           
11.17000            0.00029             0.00085             529.46002           
11.19000            0.00042             0.00124             530.53534           
11.21000            0.00061             0.00181             532.10197           
11.23000            0.00081             0.00240             534.17613           
11.25000            0.00105             0.00312             536.87138           
11.27000            0.00122             0.00363             540.00927           
11.29000            0.00145             0.00434             543.76130           
11.31000            0.00155             0.00465             547.77520           
11.33000            0.00168             0.00507             552.15991           
11.35000            0.00157             0.00474             556.25724           
11.37000            0.00158             0.00480             560.40324           
11.39000            0.00143             0.00436             564.17381           
11.41000            0.00131             0.00402             567.64542           
11.43000            0.00106             0.00325             570.45655           
11.45000            0.00096             0.00296             573.01738           
11.47000            0.00078             0.00242             575.10545           
11.49000            0.00077             0.00237             577.15643           
11.51000            0.00068             0.00212             578.98494           
11.53000            0.00067             0.00208             580.78563           
11.55000            0.00063             0.00198             582.49594           
11.57000            0.00054             0.00171             583.96987           
11.59000            0.00049             0.00154             585.30243           
11.61000            0.00041             0.00129             586.41483           
11.63000            0.00030             0.00096             587.24218           
11.65000            0.00026             0.00083             587.96060           
11.67000            0.00027             0.00085             588.69525           
11.69000            0.00029             0.00094             589.50406           
11.71000            0.00036             0.00116             590.50521           
11.73000            0.00049             0.00159             591.87717           
11.75000            0.00066             0.00214             593.72422           
11.77000            0.00087             0.00284             596.17381           
11.79000            0.00093             0.00305             598.80649           
11.81000            0.00099             0.00326             601.61993           
11.83000            0.00090             0.00297             604.18772           
11.85000            0.00088             0.00289             606.68134           
11.87000            0.00067             0.00220             608.58633           
11.89000            0.00050             0.00165             610.00927           
11.91000            0.00032             0.00105             610.92005           
11.93000            0.00019             0.00063             611.46698           
11.95000            0.00012             0.00041             611.82387           
11.97000            0.00009             0.00029             612.07184           
11.99000            0.00009             0.00031             612.34067           
12.01000            0.00011             0.00037             612.65817           
12.03000            0.00015             0.00052             613.10545           
12.05000            0.00020             0.00067             613.68250           
12.07000            0.00022             0.00076             614.33835           
12.09000            0.00026             0.00090             615.11703           
12.11000            0.00026             0.00089             615.88413           
12.13000            0.00028             0.00097             616.72074           
12.15000            0.00028             0.00099             617.57358           
12.17000            0.00036             0.00127             618.66744           
12.19000            0.00040             0.00138             619.86327           
12.21000            0.00047             0.00165             621.28621           
12.23000            0.00062             0.00217             623.15875           
12.25000            0.00077             0.00271             625.49942           
12.27000            0.00102             0.00361             628.61877           
12.29000            0.00119             0.00423             632.27346           
12.31000            0.00139             0.00495             636.55156           
12.33000            0.00159             0.00569             641.46466           
12.35000            0.00176             0.00630             646.90614           
12.37000            0.00185             0.00665             652.64890           
12.39000            0.00172             0.00621             658.01159           
12.41000            0.00158             0.00572             662.95481           
12.43000            0.00146             0.00531             667.54345           
12.45000            0.00130             0.00473             671.63384           
12.47000            0.00113             0.00414             675.20742           
12.49000            0.00088             0.00322             677.98841           
12.51000            0.00080             0.00293             680.52144           
12.53000            0.00070             0.00256             682.73696           
12.55000            0.00061             0.00226             684.68598           
12.57000            0.00060             0.00221             686.59560           
12.59000            0.00047             0.00175             688.10892           
12.61000            0.00041             0.00152             689.42294           
12.63000            0.00035             0.00131             690.55156           
12.65000            0.00031             0.00116             691.55736           
12.67000            0.00031             0.00117             692.56547           
12.69000            0.00029             0.00109             693.51101           
12.71000            0.00037             0.00140             694.72306           
12.73000            0.00051             0.00195             696.41020           
12.75000            0.00065             0.00248             698.55620           
12.77000            0.00077             0.00294             701.09849           
12.79000            0.00093             0.00358             704.19467           
12.81000            0.00096             0.00370             707.39282           
12.83000            0.00102             0.00396             710.81112           
12.85000            0.00103             0.00398             714.25029           
12.87000            0.00092             0.00356             717.32793           
12.89000            0.00090             0.00352             720.37080           
12.91000            0.00083             0.00324             723.17265           
12.93000            0.00076             0.00300             725.76130           
12.95000            0.00077             0.00304             728.38702           
12.97000            0.00079             0.00313             731.08922           
12.99000            0.00081             0.00320             733.85632           
13.01000            0.00083             0.00329             736.69525           
13.03000            0.00084             0.00334             739.58285           
13.05000            0.00085             0.00340             742.51680           
13.07000            0.00075             0.00299             745.10313           
13.09000            0.00062             0.00248             747.24218           
13.11000            0.00050             0.00204             749.00116           
13.13000            0.00036             0.00146             750.25956           
13.15000            0.00022             0.00089             751.02665           
13.17000            0.00013             0.00054             751.49479           
13.19000            0.00006             0.00025             751.71263           
13.21000            0.00003             0.00010             751.80301           
13.23000            0.00001             0.00005             751.84936           
13.25000            0.00001             0.00002             751.87022           
13.27000            0.00000             0.00000             751.87022           
13.29000            0.00000             0.00000             751.87022           
13.31000            0.00000             0.00000             751.87254           
13.33000            0.00000             0.00000             751.87254           
13.35000            0.00000             0.00000             751.87254           
13.37000            0.00000             0.00000             751.87254           
13.39000            0.00000             0.00000             751.87254           
13.41000            0.00000             0.00000             751.87486           
13.43000            0.00000             0.00000             751.87717           
13.45000            0.00000             0.00001             751.88413           
13.47000            0.00000             0.00002             751.89803           
13.49000            0.00001             0.00004             751.93511           
13.51000            0.00002             0.00008             752.00000           
13.53000            0.00003             0.00013             752.10892           
13.55000            0.00005             0.00023             752.30823           
13.57000            0.00008             0.00036             752.62341           
13.59000            0.00015             0.00067             753.20278           
13.61000            0.00020             0.00087             753.95133           
13.63000            0.00031             0.00134             755.11008           
13.65000            0.00041             0.00180             756.66512           
13.67000            0.00048             0.00211             758.48436           
13.69000            0.00059             0.00259             760.72538           
13.71000            0.00067             0.00294             763.26535           
13.73000            0.00071             0.00314             765.98146           
13.75000            0.00062             0.00273             768.34067           
13.77000            0.00058             0.00260             770.58633           
13.79000            0.00044             0.00197             772.28505           
13.81000            0.00038             0.00171             773.76130           
13.83000            0.00023             0.00104             774.65585           
13.85000            0.00016             0.00073             775.28853           
13.87000            0.00009             0.00040             775.63384           
13.89000            0.00004             0.00019             775.79838           
13.91000            0.00001             0.00006             775.84936           
13.93000            0.00001             0.00006             775.89803           
13.95000            0.00001             0.00005             775.93975           
13.97000            0.00001             0.00005             775.98146           
13.99000            0.00002             0.00009             776.05794           
14.01000            0.00003             0.00014             776.18308           
14.03000            0.00006             0.00027             776.41715           
14.05000            0.00011             0.00052             776.86674           
14.07000            0.00015             0.00072             777.48552           
14.09000            0.00022             0.00101             778.35458           
14.11000            0.00028             0.00131             779.48320           
14.13000            0.00036             0.00169             780.94554           
14.15000            0.00041             0.00191             782.59560           
14.17000            0.00048             0.00226             784.54461           
14.19000            0.00053             0.00251             786.70915           
14.21000            0.00056             0.00265             788.99652           
14.23000            0.00059             0.00279             791.40904           
14.25000            0.00054             0.00257             793.63384           
14.27000            0.00051             0.00245             795.74971           
14.29000            0.00051             0.00247             797.87949           
14.31000            0.00047             0.00228             799.85168           
14.33000            0.00047             0.00224             801.78911           
14.35000            0.00044             0.00215             803.64542           
14.37000            0.00044             0.00212             805.47393           
14.39000            0.00041             0.00198             807.18192           
14.41000            0.00038             0.00185             808.77868           
14.43000            0.00035             0.00170             810.24565           
14.45000            0.00032             0.00158             811.60834           
14.47000            0.00032             0.00157             812.96408           
14.49000            0.00035             0.00172             814.45423           
14.51000            0.00039             0.00193             816.11819           
14.53000            0.00044             0.00220             818.02317           
14.55000            0.00055             0.00272             820.37080           
14.57000            0.00058             0.00291             822.88297           
14.59000            0.00061             0.00306             825.52955           
14.61000            0.00058             0.00290             828.03708           
14.63000            0.00054             0.00270             830.37312           
14.65000            0.00046             0.00234             832.39397           
14.67000            0.00037             0.00187             834.00695           
14.69000            0.00027             0.00137             835.18888           
14.71000            0.00021             0.00107             836.11124           
14.73000            0.00016             0.00083             836.82503           
14.75000            0.00015             0.00075             837.47625           
14.77000            0.00011             0.00058             837.97914           
14.79000            0.00009             0.00046             838.38007           
14.81000            0.00006             0.00032             838.65353           
14.83000            0.00005             0.00024             838.86211           
14.85000            0.00002             0.00010             838.94554           
14.87000            0.00001             0.00003             838.97103           
14.89000            0.00000             0.00000             838.97335           
14.91000            0.00000             0.00000             838.97567           
14.93000            0.00000             0.00001             838.98030           
14.95000            0.00000             0.00000             838.98262           
14.97000            0.00000             0.00002             839.00116           
14.99000            0.00001             0.00004             839.03824           
15.01000            0.00001             0.00006             839.08691           
15.03000            0.00002             0.00012             839.19119           
15.05000            0.00004             0.00019             839.35805           
15.07000            0.00006             0.00031             839.62457           
15.09000            0.00008             0.00045             840.01390           
15.11000            0.00012             0.00063             840.56083           
15.13000            0.00015             0.00083             841.27462           
15.15000            0.00016             0.00085             842.00927           
15.17000            0.00017             0.00092             842.80185           
15.19000            0.00015             0.00081             843.49942           
15.21000            0.00014             0.00077             844.16454           
15.23000            0.00009             0.00050             844.60023           
15.25000            0.00005             0.00028             844.84589           
15.27000            0.00002             0.00011             844.93859           
15.29000            0.00001             0.00004             844.97567           
15.31000            0.00000             0.00000             844.97798           
15.33000            0.00000             0.00000             844.97798           
15.35000            0.00000             0.00000             844.97798           
15.37000            0.00000             0.00000             844.97798           
15.39000            0.00000             0.00000             844.97798           
15.41000            0.00000             0.00000             844.97798           
15.43000            0.00000             0.00000             844.97798           
15.45000            0.00000             0.00000             844.97798           
15.47000            0.00000             0.00000             844.97798           
15.49000            0.00000             0.00000             844.97798           
15.51000            0.00000             0.00000             844.97798           
15.53000            0.00000             0.00000             844.97798           
15.55000            0.00000             0.00000             844.97798           
15.57000            0.00000             0.00000             844.97798           
15.59000            0.00000             0.00000             844.97798           
15.61000            0.00000             0.00000             844.97798           
15.63000            0.00000             0.00000             844.97798           
15.65000            0.00000             0.00000             844.97798           
15.67000            0.00000             0.00000             844.97798           
15.69000            0.00000             0.00000             844.97798           
15.71000            0.00000             0.00000             844.97798           
15.73000            0.00000             0.00000             844.97798           
15.75000            0.00000             0.00000             844.97798           
15.77000            0.00000             0.00000             844.97798           
15.79000            0.00000             0.00000             844.97798           
15.81000            0.00000             0.00000             844.97798           
15.83000            0.00000             0.00000             844.97798           
15.85000            0.00000             0.00000             844.97798           
15.87000            0.00000             0.00000             844.98030           
15.89000            0.00000             0.00000             844.98262           
15.91000            0.00000             0.00001             844.98725           
15.93000            0.00000             0.00001             844.99421           
15.95000            0.00000             0.00003             845.01970           
15.97000            0.00001             0.00006             845.07068           
15.99000            0.00001             0.00006             845.12630           
16.01000            0.00002             0.00012             845.23059           
16.03000            0.00003             0.00017             845.38123           
16.05000            0.00005             0.00031             845.65006           
16.07000            0.00009             0.00054             846.11587           
16.09000            0.00012             0.00075             846.76014           
16.11000            0.00017             0.00102             847.64311           
16.13000            0.00020             0.00119             848.67439           
16.15000            0.00022             0.00136             849.84705           
16.17000            0.00025             0.00155             851.18424           
16.19000            0.00025             0.00154             852.51680           
16.21000            0.00025             0.00153             853.83546           
16.23000            0.00024             0.00150             855.12862           
16.25000            0.00021             0.00131             856.25956           
16.27000            0.00021             0.00127             857.36037           
16.29000            0.00021             0.00129             858.47740           
16.31000            0.00019             0.00119             859.50174           
16.33000            0.00018             0.00113             860.47509           
16.35000            0.00015             0.00096             861.30475           
16.37000            0.00013             0.00082             862.00927           
16.39000            0.00008             0.00050             862.44032           
16.41000            0.00005             0.00034             862.73001           
16.43000            0.00003             0.00017             862.88065           
16.45000            0.00001             0.00008             862.94554           
16.47000            0.00001             0.00004             862.97798           
16.49000            0.00000             0.00002             862.99421           
16.51000            0.00000             0.00001             862.99884           
16.53000            0.00000             0.00000             862.99884           
16.55000            0.00000             0.00000             862.99884           
16.57000            0.00000             0.00000             862.99884           
16.59000            0.00000             0.00000             862.99884           
16.61000            0.00000             0.00000             862.99884           
16.63000            0.00000             0.00000             862.99884           
16.65000            0.00000             0.00000             862.99884           
16.67000            0.00000             0.00000             862.99884           
16.69000            0.00000             0.00000             862.99884           
16.71000            0.00000             0.00000             862.99884           
16.73000            0.00000             0.00000             862.99884           
16.75000            0.00000             0.00000             862.99884           
16.77000            0.00000             0.00000             862.99884           
16.79000            0.00000             0.00000             862.99884           
16.81000            0.00000             0.00000             862.99884           
16.83000            0.00000             0.00000             862.99884           
16.85000            0.00000             0.00000             862.99884           
16.87000            0.00000             0.00000             862.99884           
16.89000            0.00000             0.00000             862.99884           
16.91000            0.00000             0.00000             862.99884           
16.93000            0.00000             0.00000             862.99884           
16.95000            0.00000             0.00000             862.99884           
16.97000            0.00000             0.00000             862.99884           
16.99000            0.00000             0.00000             862.99884           
17.01000            0.00000             0.00000             862.99884           
17.03000            0.00000             0.00000             862.99884           
17.05000            0.00000             0.00000             862.99884           
17.07000            0.00000             0.00000             862.99884           
17.09000            0.00000             0.00000             862.99884           
17.11000            0.00000             0.00000             862.99884           
17.13000            0.00000             0.00000             862.99884           
17.15000            0.00000             0.00000             862.99884           
17.17000            0.00000             0.00000             862.99884           
17.19000            0.00000             0.00000             862.99884           
17.21000            0.00000             0.00000             862.99884           
17.23000            0.00000             0.00000             862.99884           
17.25000            0.00000             0.00000             862.99884           
17.27000            0.00000             0.00000             862.99884           
17.29000            0.00000             0.00000             862.99884           
17.31000            0.00000             0.00000             862.99884           
17.33000            0.00000             0.00000             862.99884           
17.35000            0.00000             0.00000             862.99884           
17.37000            0.00000             0.00000             862.99884           
17.39000            0.00000             0.00000             862.99884           
17.41000            0.00000             0.00000             862.99884           
17.43000            0.00000             0.00000             862.99884           
17.45000            0.00000             0.00000             862.99884           
17.47000            0.00000             0.00000             862.99884           
17.49000            0.00000             0.00000             862.99884           
17.51000            0.00000             0.00000             862.99884           
17.53000            0.00000             0.00000             862.99884           
17.55000            0.00000             0.00000             862.99884           
17.57000            0.00000             0.00000             862.99884           
17.59000            0.00000             0.00000             862.99884           
17.61000            0.00000             0.00000             862.99884           
17.63000            0.00000             0.00000             862.99884           
17.65000            0.00000             0.00000             862.99884           
17.67000            0.00000             0.00000             862.99884           
17.69000            0.00000             0.00000             862.99884           
17.71000            0.00000             0.00000             862.99884           
17.73000            0.00000             0.00000             862.99884           
17.75000            0.00000             0.00000             862.99884           
17.77000            0.00000             0.00000             862.99884           
17.79000            0.00000             0.00000             862.99884           
17.81000            0.00000             0.00000             862.99884           
17.83000            0.00000             0.00000             862.99884           
17.85000            0.00000             0.00000             863.00116           
17.87000            0.00000             0.00000             863.00348           
17.89000            0.00000             0.00000             863.00579           
17.91000            0.00000             0.00002             863.01970           
17.93000            0.00000             0.00001             863.02897           
17.95000            0.00000             0.00003             863.05214           
17.97000            0.00000             0.00003             863.07995           
17.99000            0.00001             0.00009             863.15875           
18.01000            0.00001             0.00007             863.21900           
18.03000            0.00002             0.00012             863.32097           
18.05000            0.00002             0.00014             863.44612           
18.07000            0.00002             0.00019             863.61066           
18.09000            0.00002             0.00017             863.76130           
18.11000            0.00002             0.00015             863.89340           
18.13000            0.00001             0.00008             863.96524           
18.15000            0.00000             0.00004             863.99768           
18.17000            0.00000             0.00000             864.00000           
# end
